
> @diamondlightsource/davidia-example@0.1.0 build
> tsc && vite build

../../packages/davidia-components/src/plots/LinePlot.tsx(86,7): error TS2322: Type 'string | undefined' is not assignable to type 'string'.
  Type 'undefined' is not assignable to type 'string'.
../../packages/davidia-components/src/plots/PlotToolbar.tsx(212,9): error TS2532: Object is possibly 'undefined'.
../../packages/davidia-components/src/plots/PlotToolbar.tsx(257,29): error TS2532: Object is possibly 'undefined'.
../../packages/davidia-components/src/selection-components/MulticlickSelectionTool.tsx(226,64): error TS2345: Argument of type 'Vector3 | undefined' is not assignable to parameter of type 'Vector3'.
  Type 'undefined' is not assignable to type 'Vector3'.
../../packages/davidia-components/src/selection-components/SelectionConfig.tsx(94,5): error TS2322: Type 'BaseSelection | undefined' is not assignable to type 'BaseSelection | null'.
  Type 'undefined' is not assignable to type 'BaseSelection | null'.
../../packages/davidia-components/src/selection-components/SelectionConfig.tsx(107,21): error TS2550: Property 'hasOwn' does not exist on type 'ObjectConstructor'. Do you need to change your target library? Try changing the 'lib' compiler option to 'es2022' or later.
../../packages/davidia-components/src/selection-components/SelectionConfig.tsx(117,38): error TS2550: Property 'findLast' does not exist on type 'BaseSelection[]'. Do you need to change your target library? Try changing the 'lib' compiler option to 'es2023' or later.
../../packages/davidia-components/src/selection-components/SelectionConfig.tsx(118,14): error TS7006: Parameter 's' implicitly has an 'any' type.
../../packages/davidia-components/src/selection-components/SelectionIDDropdown.tsx(66,25): error TS2532: Object is possibly 'undefined'.
../../packages/davidia-components/src/shapes/DvdAxisBox.tsx(79,19): error TS2532: Object is possibly 'undefined'.
../../packages/davidia-components/src/shapes/DvdAxisBox.tsx(79,49): error TS2532: Object is possibly 'undefined'.
../../packages/davidia-components/src/shapes/DvdAxisBox.tsx(80,25): error TS2345: Argument of type 'number | undefined' is not assignable to parameter of type 'number'.
  Type 'undefined' is not assignable to type 'number'.
../../packages/davidia-components/src/shapes/DvdAxisBox.tsx(81,25): error TS2345: Argument of type 'number | undefined' is not assignable to parameter of type 'number'.
  Type 'undefined' is not assignable to type 'number'.
../../packages/davidia-components/src/shapes/DvdDragHandle.tsx(130,22): error TS7031: Binding element 'x' implicitly has an 'any' type.
../../packages/davidia-components/src/shapes/DvdDragHandle.tsx(130,25): error TS7031: Binding element 'y' implicitly has an 'any' type.
../../packages/davidia-components/src/shapes/DvdDragHandle.tsx(130,28): error TS7031: Binding element 'dx' implicitly has an 'any' type.
../../packages/davidia-components/src/shapes/DvdDragHandle.tsx(130,32): error TS7031: Binding element 'dy' implicitly has an 'any' type.
../../packages/davidia-components/src/shapes/DvdDragHandle.tsx(133,21): error TS7031: Binding element 'x' implicitly has an 'any' type.
../../packages/davidia-components/src/shapes/DvdDragHandle.tsx(133,24): error TS7031: Binding element 'y' implicitly has an 'any' type.
../../packages/davidia-components/src/shapes/DvdDragHandle.tsx(133,27): error TS7031: Binding element 'dx' implicitly has an 'any' type.
../../packages/davidia-components/src/shapes/DvdDragHandle.tsx(133,31): error TS7031: Binding element 'dy' implicitly has an 'any' type.
../../packages/davidia-components/src/shapes/DvdDragHandle.tsx(133,35): error TS7031: Binding element 'isDragging' implicitly has an 'any' type.
../../packages/davidia-components/src/shapes/DvdDragHandle.tsx(139,9): error TS7006: Parameter 'dragState' implicitly has an 'any' type.
../../packages/davidia-components/src/shapes/DvdPolyline.tsx(79,43): error TS2345: Argument of type 'Vector3 | undefined' is not assignable to parameter of type 'Vector3'.
  Type 'undefined' is not assignable to type 'Vector3'.
../../packages/davidia-components/src/specific-selections/AxialSelection.tsx(48,16): error TS18048: 'b' is possibly 'undefined'.
../../packages/davidia-components/src/specific-selections/AxialSelection.tsx(49,16): error TS18048: 'e' is possibly 'undefined'.
../../packages/davidia-components/src/specific-selections/AxialSelection.tsx(58,33): error TS2345: Argument of type 'number | undefined' is not assignable to parameter of type 'number'.
  Type 'undefined' is not assignable to type 'number'.
../../packages/davidia-components/src/specific-selections/AxialSelection.tsx(62,15): error TS2532: Object is possibly 'undefined'.
../../packages/davidia-components/src/specific-selections/AxialSelection.tsx(63,15): error TS2532: Object is possibly 'undefined'.
../../packages/davidia-components/src/specific-selections/AxialSelection.tsx(89,18): error TS2532: Object is possibly 'undefined'.
../../packages/davidia-components/src/specific-selections/AxialSelection.tsx(97,18): error TS2532: Object is possibly 'undefined'.
../../packages/davidia-components/src/specific-selections/AxialSelection.tsx(104,22): error TS2532: Object is possibly 'undefined'.
../../packages/davidia-components/src/specific-selections/CircularSectorialSelection.tsx(34,40): error TS2345: Argument of type 'Vector3 | undefined' is not assignable to parameter of type 'Vector3'.
  Type 'undefined' is not assignable to type 'Vector3'.
../../packages/davidia-components/src/specific-selections/CircularSectorialSelection.tsx(41,42): error TS2345: Argument of type 'Vector3 | undefined' is not assignable to parameter of type 'Vector3'.
  Type 'undefined' is not assignable to type 'Vector3'.
../../packages/davidia-components/src/specific-selections/CircularSectorialSelection.tsx(50,8): error TS18048: 'c' is possibly 'undefined'.
../../packages/davidia-components/src/specific-selections/CircularSectorialSelection.tsx(50,13): error TS18048: 'c' is possibly 'undefined'.
../../packages/davidia-components/src/specific-selections/CircularSelection.tsx(27,35): error TS18048: 'c' is possibly 'undefined'.
../../packages/davidia-components/src/specific-selections/CircularSelection.tsx(27,40): error TS18048: 'c' is possibly 'undefined'.
../../packages/davidia-components/src/specific-selections/CircularSelection.tsx(27,57): error TS18048: 'e' is possibly 'undefined'.
../../packages/davidia-components/src/specific-selections/CircularSelection.tsx(27,62): error TS18048: 'e' is possibly 'undefined'.
../../packages/davidia-components/src/specific-selections/EllipticalSelection.tsx(28,40): error TS2345: Argument of type 'Vector3 | undefined' is not assignable to parameter of type 'Vector3'.
  Type 'undefined' is not assignable to type 'Vector3'.
../../packages/davidia-components/src/specific-selections/EllipticalSelection.tsx(31,10): error TS18048: 'c' is possibly 'undefined'.
../../packages/davidia-components/src/specific-selections/EllipticalSelection.tsx(31,15): error TS18048: 'c' is possibly 'undefined'.
../../packages/davidia-components/src/specific-selections/EllipticalSelection.tsx(37,40): error TS2345: Argument of type 'Vector3 | undefined' is not assignable to parameter of type 'Vector3'.
  Type 'undefined' is not assignable to type 'Vector3'.
../../packages/davidia-components/src/specific-selections/EllipticalSelection.tsx(41,37): error TS18048: 'c' is possibly 'undefined'.
../../packages/davidia-components/src/specific-selections/EllipticalSelection.tsx(41,42): error TS18048: 'c' is possibly 'undefined'.
../../packages/davidia-components/src/specific-selections/LinearSelection.tsx(46,19): error TS18048: 'b' is possibly 'undefined'.
../../packages/davidia-components/src/specific-selections/LinearSelection.tsx(46,24): error TS18048: 'b' is possibly 'undefined'.
../../packages/davidia-components/src/specific-selections/LinearSelection.tsx(47,21): error TS18048: 'b' is possibly 'undefined'.
../../packages/davidia-components/src/specific-selections/LinearSelection.tsx(48,21): error TS18048: 'b' is possibly 'undefined'.
../../packages/davidia-components/src/specific-selections/LinearSelection.tsx(49,40): error TS2345: Argument of type 'Vector3 | undefined' is not assignable to parameter of type 'Vector3'.
  Type 'undefined' is not assignable to type 'Vector3'.
../../packages/davidia-components/src/specific-selections/PolygonalSelection.tsx(13,11): error TS2345: Argument of type '[number, number] | undefined' is not assignable to parameter of type '[number, number]'.
  Type 'undefined' is not assignable to type '[number, number]'.
../../packages/davidia-components/src/specific-selections/PolygonalSelection.tsx(36,26): error TS18048: 'p' is possibly 'undefined'.
../../packages/davidia-components/src/specific-selections/PolygonalSelection.tsx(36,32): error TS18048: 'p' is possibly 'undefined'.
../../packages/davidia-components/src/specific-selections/PolygonalSelection.tsx(83,35): error TS18048: 'p' is possibly 'undefined'.
../../packages/davidia-components/src/specific-selections/PolygonalSelection.tsx(83,51): error TS18048: 'p' is possibly 'undefined'.
../../packages/davidia-components/src/specific-selections/PolygonalSelection.tsx(89,36): error TS2532: Object is possibly 'undefined'.
../../packages/davidia-components/src/specific-selections/PolygonalSelection.tsx(89,49): error TS2532: Object is possibly 'undefined'.
../../packages/davidia-components/src/specific-selections/RectangularSelection.tsx(64,15): error TS2532: Object is possibly 'undefined'.
../../packages/davidia-components/src/specific-selections/RectangularSelection.tsx(65,40): error TS2345: Argument of type 'Vector3 | undefined' is not assignable to parameter of type 'Vector3'.
  Type 'undefined' is not assignable to type 'Vector3'.
../../packages/davidia-components/src/utils.ts(3,24): error TS7016: Could not find a declaration file for module 'ndarray-concat-rows'. '/scratch/xma12127/projects/migrate/dls-web-uis/packages/davidia-components/node_modules/ndarray-concat-rows/index.js' implicitly has an 'any' type.
  Try `npm i --save-dev @types/ndarray-concat-rows` if it exists or add a new declaration (.d.ts) file containing `declare module 'ndarray-concat-rows';`
../../packages/davidia-components/src/utils.ts(153,13): error TS2322: Type 'number | undefined' is not assignable to type 'number'.
  Type 'undefined' is not assignable to type 'number'.
../../packages/davidia-components/src/utils.ts(153,22): error TS2322: Type 'number | undefined' is not assignable to type 'number'.
  Type 'undefined' is not assignable to type 'number'.
../../packages/davidia-components/src/utils.ts(163,13): error TS2322: Type 'number | undefined' is not assignable to type 'number'.
  Type 'undefined' is not assignable to type 'number'.
../../packages/davidia-components/src/utils.ts(163,22): error TS2322: Type 'number | undefined' is not assignable to type 'number'.
  Type 'undefined' is not assignable to type 'number'.
../../packages/davidia-components/src/utils.ts(450,19): error TS2532: Object is possibly 'undefined'.
